<?xml version="1.0" encoding="UTF-8"?>
<testng-results ignored="0" total="1" passed="1" failed="0" skipped="0">
  <reporter-output>
  </reporter-output>
  <suite started-at="2023-04-12T00:13:46 IST" name="Default suite" finished-at="2023-04-12T00:14:02 IST" duration-ms="16755">
    <groups>
    </groups>
    <test started-at="2023-04-12T00:13:46 IST" name="Default test" finished-at="2023-04-12T00:14:02 IST" duration-ms="16755">
      <class name="com.training.sanity.tests.KarnatkaTest">
        <test-method is-config="true" signature="setUp()[pri:0, instance:com.training.sanity.tests.KarnatkaTest@3c407114]" started-at="2023-04-12T00:13:46 IST" name="setUp" finished-at="2023-04-12T00:13:58 IST" duration-ms="12859" status="PASS">
          <reporter-output>
          </reporter-output>
        </test-method> <!-- setUp -->
        <test-method signature="kar98()[pri:0, instance:com.training.sanity.tests.KarnatkaTest@3c407114]" started-at="2023-04-12T00:13:58 IST" name="kar98" finished-at="2023-04-12T00:14:01 IST" duration-ms="2554" status="PASS">
          <reporter-output>
          </reporter-output>
        </test-method> <!-- kar98 -->
        <test-method is-config="true" signature="tearDown()[pri:0, instance:com.training.sanity.tests.KarnatkaTest@3c407114]" started-at="2023-04-12T00:14:01 IST" name="tearDown" finished-at="2023-04-12T00:14:02 IST" duration-ms="1315" status="PASS">
          <reporter-output>
          </reporter-output>
        </test-method> <!-- tearDown -->
      </class> <!-- com.training.sanity.tests.KarnatkaTest -->
    </test> <!-- Default test -->
  </suite> <!-- Default suite -->
</testng-results>
